  finished initialization
 istep =           74 ntm =            1 time step =    12.00000      hour = 
  0.2516667    
 istep =          150 ntm =            2 time step =    12.00000      hour = 
  0.5050000    
 istep =          226 ntm =            3 time step =    12.00000      hour = 
  0.7583333    
 istep =          302 ntm =            4 time step =    12.00000      hour = 
   1.011667    
 istep =          378 ntm =            5 time step =    12.00000      hour = 
   1.265000    
 istep =          454 ntm =            6 time step =    12.00000      hour = 
   1.518333    
 istep =          530 ntm =            7 time step =    12.00000      hour = 
   1.771667    
 istep =          606 ntm =            8 time step =    12.00000      hour = 
   2.025000    
 istep =          682 ntm =            9 time step =    12.00000      hour = 
   2.278333    
 istep =          758 ntm =           10 time step =    12.00000      hour = 
   2.531667    
 istep =          834 ntm =           11 time step =    12.00000      hour = 
   2.785000    
 istep =          910 ntm =           12 time step =    12.00000      hour = 
   3.038333    
 istep =          986 ntm =           13 time step =    12.00000      hour = 
   3.291667    
 istep =         1062 ntm =           14 time step =    12.00000      hour = 
   3.545000    
 istep =         1138 ntm =           15 time step =    12.00000      hour = 
   3.798333    
 istep =         1214 ntm =           16 time step =    12.00000      hour = 
   4.051667    
 istep =         1290 ntm =           17 time step =    12.00000      hour = 
   4.305000    
 istep =         1366 ntm =           18 time step =    12.00000      hour = 
   4.558333    
 istep =         1442 ntm =           19 time step =    12.00000      hour = 
   4.811666    
 istep =         1518 ntm =           20 time step =    12.00000      hour = 
   5.065000    
 istep =         1594 ntm =           21 time step =    12.00000      hour = 
   5.318333    
 istep =         1670 ntm =           22 time step =    12.00000      hour = 
   5.571667    
 istep =         1746 ntm =           23 time step =    12.00000      hour = 
   5.825000    
 istep =         1822 ntm =           24 time step =    12.00000      hour = 
   6.078333    
 istep =         1898 ntm =           25 time step =    12.00000      hour = 
   6.331666    
 istep =         1974 ntm =           26 time step =    12.00000      hour = 
   6.585000    
 istep =         2050 ntm =           27 time step =    12.00000      hour = 
   6.838333    
 istep =         2126 ntm =           28 time step =    12.00000      hour = 
   7.091667    
 istep =         2202 ntm =           29 time step =    12.00000      hour = 
   7.345000    
 istep =         2278 ntm =           30 time step =    12.00000      hour = 
   7.598333    
 istep =         2354 ntm =           31 time step =    12.00000      hour = 
   7.851666    
 istep =         2430 ntm =           32 time step =    12.00000      hour = 
   8.105000    
 istep =         2506 ntm =           33 time step =    12.00000      hour = 
   8.358334    
 istep =         2582 ntm =           34 time step =    12.00000      hour = 
   8.611667    
 istep =         2658 ntm =           35 time step =    12.00000      hour = 
   8.865000    
 istep =         2734 ntm =           36 time step =    12.00000      hour = 
   9.118333    
 istep =         2810 ntm =           37 time step =    12.00000      hour = 
   9.371667    
 istep =         2886 ntm =           38 time step =    12.00000      hour = 
   9.625000    
 istep =         2962 ntm =           39 time step =    12.00000      hour = 
   9.878333    
 istep =         3038 ntm =           40 time step =    12.00000      hour = 
   10.13167    
 istep =         3114 ntm =           41 time step =    12.00000      hour = 
   10.38500    
 istep =         3157 ntm =           42 time step =    27.12707      hour = 
   10.63761    
 istep =         3190 ntm =           43 time step =    27.27902      hour = 
   10.88761    
 istep =         3223 ntm =           44 time step =    27.82358      hour = 
   11.14168    
 istep =         3255 ntm =           45 time step =    28.81214      hour = 
   11.39750    
 istep =         3286 ntm =           46 time step =    30.00000      hour = 
   11.65551    
 istep =         3316 ntm =           47 time step =    30.00000      hour = 
   11.90551    
 istep =         3346 ntm =           48 time step =    30.00000      hour = 
   12.15551    
 istep =         3376 ntm =           49 time step =    30.00000      hour = 
   12.40551    
 istep =         3406 ntm =           50 time step =    30.00000      hour = 
   12.65551    
 istep =         3436 ntm =           51 time step =    30.00000      hour = 
   12.90551    
 istep =         3466 ntm =           52 time step =    30.00000      hour = 
   13.15551    
 istep =         3496 ntm =           53 time step =    30.00000      hour = 
   13.40551    
 istep =         3526 ntm =           54 time step =    30.00000      hour = 
   13.65551    
 istep =         3556 ntm =           55 time step =    30.00000      hour = 
   13.90551    
 istep =         3586 ntm =           56 time step =    30.00000      hour = 
   14.15551    
 istep =         3616 ntm =           57 time step =    30.00000      hour = 
   14.40551    
 istep =         3646 ntm =           58 time step =    30.00000      hour = 
   14.65551    
 istep =         3676 ntm =           59 time step =    30.00000      hour = 
   14.90551    
 istep =         3706 ntm =           60 time step =    30.00000      hour = 
   15.15551    
 istep =         3736 ntm =           61 time step =    30.00000      hour = 
   15.40551    
 istep =         3766 ntm =           62 time step =    30.00000      hour = 
   15.65551    
 istep =         3796 ntm =           63 time step =    30.00000      hour = 
   15.90551    
 istep =         3826 ntm =           64 time step =    30.00000      hour = 
   16.15551    
 istep =         3856 ntm =           65 time step =    30.00000      hour = 
   16.40551    
 istep =         3886 ntm =           66 time step =    30.00000      hour = 
   16.65551    
 istep =         3916 ntm =           67 time step =    30.00000      hour = 
   16.90551    
 istep =         3946 ntm =           68 time step =    30.00000      hour = 
   17.15551    
 istep =         3976 ntm =           69 time step =    30.00000      hour = 
   17.40551    
 istep =         4006 ntm =           70 time step =    30.00000      hour = 
   17.65551    
 istep =         4036 ntm =           71 time step =    30.00000      hour = 
   17.90551    
 istep =         4066 ntm =           72 time step =    30.00000      hour = 
   18.15551    
 istep =         4096 ntm =           73 time step =    30.00000      hour = 
   18.40551    
 istep =         4126 ntm =           74 time step =    30.00000      hour = 
   18.65551    
 istep =         4156 ntm =           75 time step =    30.00000      hour = 
   18.90551    
 istep =         4186 ntm =           76 time step =    30.00000      hour = 
   19.15551    
 istep =         4216 ntm =           77 time step =    30.00000      hour = 
   19.40551    
 istep =         4246 ntm =           78 time step =    30.00000      hour = 
   19.65551    
 istep =         4276 ntm =           79 time step =    30.00000      hour = 
   19.90551    
 istep =         4306 ntm =           80 time step =    30.00000      hour = 
   20.15551    
 istep =         4336 ntm =           81 time step =    30.00000      hour = 
   20.40551    
 istep =         4366 ntm =           82 time step =    30.00000      hour = 
   20.65551    
 istep =         4396 ntm =           83 time step =    30.00000      hour = 
   20.90551    
 istep =         4426 ntm =           84 time step =    30.00000      hour = 
   21.15551    
 istep =         4456 ntm =           85 time step =    30.00000      hour = 
   21.40551    
 istep =         4486 ntm =           86 time step =    30.00000      hour = 
   21.65551    
 istep =         4516 ntm =           87 time step =    30.00000      hour = 
   21.90551    
 istep =         4546 ntm =           88 time step =    30.00000      hour = 
   22.15551    
 istep =         4576 ntm =           89 time step =    30.00000      hour = 
   22.40551    
 istep =         4644 ntm =           90 time step =    12.00000      hour = 
   22.65717    
 istep =         4720 ntm =           91 time step =    12.00000      hour = 
   22.91051    
 istep =         4796 ntm =           92 time step =    12.00000      hour = 
   23.16384    
 istep =         4872 ntm =           93 time step =    12.00000      hour = 
   23.41717    
 istep =         4948 ntm =           94 time step =    12.00000      hour = 
   23.67051    
 istep =         5024 ntm =           95 time step =    12.00000      hour = 
   23.92384    
 istep =         5100 ntm =           96 time step =    12.00000      hour = 
   24.17717    
 istep =         5176 ntm =           97 time step =    12.00000      hour = 
   24.43051    
 istep =         5252 ntm =           98 time step =    12.00000      hour = 
   24.68384    
 istep =         5328 ntm =           99 time step =    12.00000      hour = 
   24.93717    
 istep =         5404 ntm =          100 time step =    12.00000      hour = 
   25.19051    
 istep =         5480 ntm =          101 time step =    12.00000      hour = 
   25.44384    
 istep =         5556 ntm =          102 time step =    12.00000      hour = 
   25.69717    
 istep =         5632 ntm =          103 time step =    12.00000      hour = 
   25.95051    
 istep =         5708 ntm =          104 time step =    12.00000      hour = 
   26.20384    
 istep =         5784 ntm =          105 time step =    12.00000      hour = 
   26.45717    
 istep =         5860 ntm =          106 time step =    12.00000      hour = 
   26.71051    
 istep =         5936 ntm =          107 time step =    12.00000      hour = 
   26.96384    
 istep =         6012 ntm =          108 time step =    12.00000      hour = 
   27.21717    
 istep =         6088 ntm =          109 time step =    12.00000      hour = 
   27.47050    
 istep =         6164 ntm =          110 time step =    12.00000      hour = 
   27.72384    
 istep =         6240 ntm =          111 time step =    12.00000      hour = 
   27.97717    
 istep =         6316 ntm =          112 time step =    12.00000      hour = 
   28.23050    
 istep =         6392 ntm =          113 time step =    12.00000      hour = 
   28.48384    
 istep =         6468 ntm =          114 time step =    12.00000      hour = 
   28.73717    
 istep =         6544 ntm =          115 time step =    12.00000      hour = 
   28.99051    
 istep =         6620 ntm =          116 time step =    12.00000      hour = 
   29.24384    
 istep =         6696 ntm =          117 time step =    12.00000      hour = 
   29.49717    
 istep =         6772 ntm =          118 time step =    12.00000      hour = 
   29.75051    
 istep =         6848 ntm =          119 time step =    12.00000      hour = 
   30.00384    
 istep =         6924 ntm =          120 time step =    12.00000      hour = 
   30.25717    
 istep =         7000 ntm =          121 time step =    12.00000      hour = 
   30.51051    
 istep =         7076 ntm =          122 time step =    12.00000      hour = 
   30.76384    
 istep =         7152 ntm =          123 time step =    12.00000      hour = 
   31.01717    
 istep =         7228 ntm =          124 time step =    12.00000      hour = 
   31.27051    
 istep =         7304 ntm =          125 time step =    12.00000      hour = 
   31.52384    
 istep =         7380 ntm =          126 time step =    12.00000      hour = 
   31.77717    
 istep =         7456 ntm =          127 time step =    12.00000      hour = 
   32.03051    
 istep =         7532 ntm =          128 time step =    12.00000      hour = 
   32.28384    
 istep =         7608 ntm =          129 time step =    12.00000      hour = 
   32.53717    
 istep =         7684 ntm =          130 time step =    12.00000      hour = 
   32.79050    
 istep =         7760 ntm =          131 time step =    12.00000      hour = 
   33.04384    
 istep =         7836 ntm =          132 time step =    12.00000      hour = 
   33.29717    
 istep =         7912 ntm =          133 time step =    12.00000      hour = 
   33.55051    
 istep =         7988 ntm =          134 time step =    12.00000      hour = 
   33.80384    
 istep =         8064 ntm =          135 time step =    12.00000      hour = 
   34.05717    
 istep =         8140 ntm =          136 time step =    12.00000      hour = 
   34.31050    
 istep =         8195 ntm =          137 time step =    27.15829      hour = 
   34.56122    
 istep =         8229 ntm =          138 time step =    27.19156      hour = 
   34.81802    
 istep =         8262 ntm =          139 time step =    27.63153      hour = 
   35.07120    
 istep =         8294 ntm =          140 time step =    28.49086      hour = 
   35.32338    
 istep =         8325 ntm =          141 time step =    29.82600      hour = 
   35.57985    
 istep =         8356 ntm =          142 time step =    30.00000      hour = 
   35.83813    
 istep =         8386 ntm =          143 time step =    30.00000      hour = 
   36.08813    
 istep =         8416 ntm =          144 time step =    30.00000      hour = 
   36.33813    
 istep =         8446 ntm =          145 time step =    30.00000      hour = 
   36.58813    
 istep =         8476 ntm =          146 time step =    30.00000      hour = 
   36.83813    
 istep =         8506 ntm =          147 time step =    30.00000      hour = 
   37.08813    
 istep =         8536 ntm =          148 time step =    30.00000      hour = 
   37.33813    
 istep =         8566 ntm =          149 time step =    30.00000      hour = 
   37.58813    
 istep =         8596 ntm =          150 time step =    30.00000      hour = 
   37.83813    
 istep =         8626 ntm =          151 time step =    30.00000      hour = 
   38.08813    
 istep =         8656 ntm =          152 time step =    30.00000      hour = 
   38.33813    
 istep =         8686 ntm =          153 time step =    30.00000      hour = 
   38.58813    
 istep =         8716 ntm =          154 time step =    30.00000      hour = 
   38.83813    
 istep =         8746 ntm =          155 time step =    30.00000      hour = 
   39.08813    
 istep =         8776 ntm =          156 time step =    30.00000      hour = 
   39.33813    
 istep =         8806 ntm =          157 time step =    30.00000      hour = 
   39.58813    
 istep =         8836 ntm =          158 time step =    30.00000      hour = 
   39.83813    
 istep =         8866 ntm =          159 time step =    30.00000      hour = 
   40.08813    
 istep =         8896 ntm =          160 time step =    30.00000      hour = 
   40.33813    
 istep =         8926 ntm =          161 time step =    30.00000      hour = 
   40.58813    
 istep =         8956 ntm =          162 time step =    30.00000      hour = 
   40.83813    
 istep =         8986 ntm =          163 time step =    30.00000      hour = 
   41.08813    
 istep =         9016 ntm =          164 time step =    30.00000      hour = 
   41.33813    
 istep =         9046 ntm =          165 time step =    30.00000      hour = 
   41.58813    
 istep =         9076 ntm =          166 time step =    30.00000      hour = 
   41.83813    
 istep =         9106 ntm =          167 time step =    30.00000      hour = 
   42.08813    
 istep =         9136 ntm =          168 time step =    30.00000      hour = 
   42.33813    
 istep =         9166 ntm =          169 time step =    30.00000      hour = 
   42.58813    
 istep =         9196 ntm =          170 time step =    30.00000      hour = 
   42.83813    
 istep =         9226 ntm =          171 time step =    30.00000      hour = 
   43.08813    
 istep =         9256 ntm =          172 time step =    30.00000      hour = 
   43.33813    
 istep =         9286 ntm =          173 time step =    30.00000      hour = 
   43.58813    
 istep =         9316 ntm =          174 time step =    30.00000      hour = 
   43.83813    
 istep =         9346 ntm =          175 time step =    30.00000      hour = 
   44.08813    
 istep =         9376 ntm =          176 time step =    30.00000      hour = 
   44.33813    
 istep =         9406 ntm =          177 time step =    30.00000      hour = 
   44.58813    
 istep =         9436 ntm =          178 time step =    30.00000      hour = 
   44.83813    
 istep =         9466 ntm =          179 time step =    30.00000      hour = 
   45.08813    
 istep =         9496 ntm =          180 time step =    30.00000      hour = 
   45.33813    
 istep =         9526 ntm =          181 time step =    30.00000      hour = 
   45.58813    
 istep =         9556 ntm =          182 time step =    30.00000      hour = 
   45.83813    
 istep =         9586 ntm =          183 time step =    30.00000      hour = 
   46.08813    
 istep =         9616 ntm =          184 time step =    30.00000      hour = 
   46.33813    
 istep =         9672 ntm =          185 time step =    12.00000      hour = 
   46.58980    
 istep =         9748 ntm =          186 time step =    12.00000      hour = 
   46.84313    
 istep =         9824 ntm =          187 time step =    12.00000      hour = 
   47.09647    
 istep =         9900 ntm =          188 time step =    12.00000      hour = 
   47.34980    
 istep =         9976 ntm =          189 time step =    12.00000      hour = 
   47.60313    
 istep =        10052 ntm =          190 time step =    12.00000      hour = 
   47.85647    
