           1          62   6000.000    
           2          61   3558.153    
           3          60   2974.886    
           4          59   2632.920    
           5          58   2390.161    
           6          57   2201.823    
           7          56   2047.923    
           8          55   1917.795    
           9          54   1805.069    
          10          53   1705.635    
          11          52   1616.687    
          12          51   1536.223    
          13          50   1462.763    
          14          49   1395.187    
          15          48   1332.621    
          16          47   1274.373    
          17          46   1219.886    
          18          45   1168.702    
          19          44   1120.445    
          20          43   1074.798    
          21          42   1031.492    
          22          41   990.3001    
          23          40   951.0245    
          24          39   913.4951    
          25          38   877.5628    
          26          37   843.0977    
          27          36   809.9846    
          28          35   778.1209    
          29          34   747.4169    
          30          33   717.7899    
          31          32   689.1674    
          32          31   661.4837    
          33          30   634.6789    
          34          29   608.6988    
          35          28   583.4950    
          36          27   559.0212    
          37          26   535.2367    
          38          25   512.1046    
          39          24   489.5890    
          40          23   467.6581    
          41          22   446.2828    
          42          21   425.4355    
          43          20   405.0901    
          44          19   385.2239    
          45          18   365.8142    
          46          17   346.8406    
          47          16   328.2844    
          48          15   310.1273    
          49          14   292.3517    
          50          13   274.9436    
          51          12   257.8867    
          52          11   241.1679    
          53          10   224.7732    
          54           9   208.6909    
          55           8   192.9095    
          56           7   177.4177    
          57           6   162.2052    
          58           5   147.2615    
          59           4   132.5781    
          60           3   118.1455    
          61           2   103.9556    
          62           1   90.00000    
           1   89.93213    
           2   103.7329    
           3   117.8208    
           4   132.1699    
           5   146.7798    
           6   161.6533    
           7   176.7910    
           8   192.2202    
           9   207.9399    
          10   223.9595    
          11   240.2915    
          12   256.9419    
          13   273.9429    
          14   291.2925    
          15   309.0029    
          16   327.1011    
          17   345.5962    
          18   364.5000    
          19   383.8535    
          20   403.6543    
          21   423.9341    
          22   444.7109    
          23   466.0249    
          24   487.8853    
          25   510.3242    
          26   533.3794    
          27   557.0894    
          28   581.4868    
          29   606.6118    
          30   632.5010    
          31   659.2246    
          32   686.8140    
          33   715.3374    
          34   744.8647    
          35   775.4653    
          36   807.2300    
          37   840.2246    
          38   874.5708    
          39   910.3682    
          40   947.7646    
          41   986.9004    
          42   1027.940    
          43   1071.077    
          44   1116.546    
          45   1164.607    
          46   1215.586    
          47   1269.838    
          48   1327.841    
          49   1390.123    
          50   1457.391    
          51   1530.498    
          52   1610.555    
          53   1699.039    
          54   1797.921    
          55   1909.995    
          56   2039.308    
          57   2192.171    
          58   2379.109    
          59   2619.837    
          60   2958.470    
          61   3534.464    
          62   5911.160    
  finished initialization
           1   5911.160       1422.361       3130.811      4.9202158E-06
           2   5911.160       1422.361      8.9272129E-14  4.2369896E-07
           3   5911.160       1422.361      4.4636065E-20  2.2924998E-07
           4   5911.160       1422.361      1.0000000E-30  2.1514688E-07
           5   5911.160       1422.361       41.44977      1.5595223E-06
           6   5911.160       1422.361      1.0000000E-30  2.4533213E-07
           7   5911.160       1422.361      7.2282225E-13  4.8214144E-07
           1   3534.464       2241.611       7815.458      1.3874080E-05
           2   3534.464       2241.611      1.8050913E-07  1.2566467E-06
           3   3534.464       2241.611      9.0254566E-14  6.8372049E-07
           4   3534.464       2241.611      7.8059210E-26  6.4193603E-07
           5   3534.464       2241.611       1547.114      4.5222250E-06
           6   3534.464       2241.611      3.6116964E-20  7.3132816E-07
           7   3534.464       2241.611      2.3500834E-07  1.4277803E-06
           1   2958.470       2670.943       10453.00      2.1689555E-05
           2   2958.470       2670.943      1.8487104E-05  2.0723974E-06
           3   2958.470       2670.943      9.2435521E-12  1.1338345E-06
           4   2958.470       2670.943      8.1844337E-22  1.0649982E-06
           5   2958.470       2670.943       4911.022      7.2869138E-06
           6   2958.470       2670.943      1.1925168E-16  1.2121969E-06
           7   2958.470       2670.943      1.3446630E-05  2.3509751E-06
           1   2619.837       2985.919       12618.65      3.1093179E-05
           2   2619.837       2985.919      3.7099639E-04  3.1155048E-06
           3   2619.837       2985.919      1.8549820E-10  1.7125101E-06
           4   2619.837       2985.919      3.2949907E-19  1.6091182E-06
           5   2619.837       2985.919       10381.70      1.0737458E-05
           6   2619.837       2985.919      2.2706817E-14  1.8301247E-06
           7   2619.837       2985.919      1.8506806E-04  3.5296662E-06
           1   2379.109       3257.493       14554.29      4.2852811E-05
           2   2379.109       3257.493      3.6048365E-03  4.4671719E-06
           3   2379.109       3257.493      1.8024182E-09  2.4646056E-06
           4   2379.109       3257.493      3.1100866E-17  2.3164621E-06
           5   2379.109       3257.493       18314.00      1.5147609E-05
           6   2379.109       3257.493      1.2148236E-12  2.6330295E-06
           7   2379.109       3257.493      1.3510858E-03  5.0557178E-06
           1   2192.171       3468.386       16350.39      5.7538648E-05
           2   2192.171       3468.386      2.3028720E-02  6.1931560E-06
           3   2192.171       3468.386      1.1514360E-08  3.4267150E-06
           4   2192.171       3468.386      1.2689462E-15  3.2214480E-06
           5   2192.171       3468.386       29097.30      2.0731628E-05
           6   2192.171       3468.386      3.1195092E-11  3.6599777E-06
           7   2192.171       3468.386      6.8361307E-03  7.0033575E-06
           1   2039.308       3682.349       18052.10      7.5681426E-05
           2   2039.308       3682.349      0.1115925      8.3570840E-06
           3   2039.308       3682.349      5.5796235E-08  4.6343444E-06
           4   2039.308       3682.349      2.9791145E-14  4.3574769E-06
           5   2039.308       3682.349       43149.09      2.7693774E-05
           6   2039.308       3682.349      4.9384880E-10  4.9488622E-06
           7   2039.308       3682.349      2.7165227E-02  9.4443167E-06
           1   1909.995       3872.198       19685.54      9.7810575E-05
           2   1909.995       3872.198      0.4439271      1.1023682E-05
           3   1909.995       3872.198      2.2196357E-07  6.1236292E-06
           4   1909.995       3872.198      4.7137121E-13  5.7585466E-06
           5   1909.995       3872.198       60912.35      3.6240188E-05
           6   1909.995       3872.198      5.5350191E-09  6.5382433E-06
           7   1909.995       3872.198      9.0844929E-02  1.2451457E-05
           1   1797.921       4036.739       21267.67      1.2447586E-04
           2   1797.921       4036.739       1.522385      1.4261051E-05
           3   1797.921       4036.739      7.6119278E-07  7.9325173E-06
           4   1797.921       4036.739      5.5426592E-12  7.4603636E-06
           5   1797.921       4036.739       82860.88      4.6586345E-05
           6   1797.921       4036.739      4.7843002E-08  8.4686135E-06
           7   1797.921       4036.739      0.2668276      1.6101212E-05
           1   1699.039       4181.912       22809.68      1.5624368E-04
           2   1699.039       4181.912       4.647138      1.8140374E-05
           3   1699.039       4181.912      2.3235693E-06  1.0100461E-05
           4   1699.039       4181.912      5.1638641E-11  9.5000505E-06
           5   1699.039       4181.912       109490.4      5.8955360E-05
           6   1699.039       4181.912      3.3732175E-07  1.0782065E-05
           7   1699.039       4181.912      0.7078936      2.0472951E-05
           1   1610.555       4363.296       24320.03      1.9371961E-04
           2   1610.555       4363.296       12.91662      2.2739370E-05
           3   1610.555       4363.296      6.4583137E-06  1.2670038E-05
           4   1610.555       4363.296      3.9887871E-10  1.1917676E-05
           5   1610.555       4363.296       141332.9      7.3587034E-05
           6   1610.555       4363.296      2.0185321E-06  1.3524022E-05
           7   1610.555       4363.296       1.730301      2.5652222E-05
           1   1530.498       4539.167       25804.65      2.3753649E-04
           2   1530.498       4539.167       33.22588      2.8142429E-05
           3   1530.498       4539.167      1.6612967E-05  1.5686423E-05
           4   1530.498       4539.167      2.6390017E-09  1.4755763E-05
           5   1530.498       4539.167       178942.9      9.0734015E-05
           6   1530.498       4539.167      1.0547778E-05  1.6742668E-05
           7   1530.498       4539.167       3.952492      3.1729560E-05
           1   1457.391       4699.771       27268.50      2.8838438E-04
           2   1457.391       4699.771       80.09120      3.4447359E-05
           3   1457.391       4699.771      4.0045765E-05  1.9200017E-05
           4   1457.391       4699.771      1.5332159E-08  1.8061757E-05
           5   1457.391       4699.771       222915.8      1.1067522E-04
           6   1457.391       4699.771      4.9192291E-05  2.0491743E-05
           7   1457.391       4699.771       8.530003      3.8805596E-05
           1   1390.123       4847.547       28715.21      3.4700590E-04
           2   1390.123       4847.547       182.6383      4.1770520E-05
           3   1390.123       4847.547      9.1320020E-05  2.3267205E-05
           4   1390.123       4847.547      7.9719996E-08  2.1888780E-05
           5   1390.123       4847.547       273873.6      1.3371732E-04
           6   1390.123       4847.547      2.0818465E-04  2.4831341E-05
           7   1390.123       4847.547       17.53697      4.6992194E-05
           1   1327.841       4984.368       30147.48      4.1421311E-04
           2   1327.841       4984.368       396.9124      5.0258903E-05
           3   1327.841       4984.368      1.9846026E-04  2.7953418E-05
           4   1327.841       4984.368      3.7646544E-07  2.6298494E-05
           5   1327.841       4984.368       332461.1      1.6020695E-04
           6   1327.841       4984.368      8.0986886E-04  2.9831146E-05
           7   1327.841       4984.368       34.56884      5.6417946E-05
           1   1269.838       5132.024       31568.22      4.9097236E-04
           2   1269.838       5132.024       827.2324      6.0118025E-05
           3   1269.838       5132.024      4.1363380E-04  3.3342287E-05
           4   1269.838       5132.024      1.6351049E-06  3.1369796E-05
           5   1269.838       5132.024       399388.1      1.9057406E-04
           6   1269.838       5132.024      2.9280607E-03  3.5580139E-05
           7   1269.838       5132.024       65.69447      6.7245470E-05
           1   1215.586       5278.203       32978.83      5.7837373E-04
           2   1215.586       5278.203       1661.125      7.1636488E-05
           3   1215.586       5278.203      8.3063322E-04  3.9538885E-05
           4   1215.586       5278.203      6.5925256E-06  3.7201906E-05
           5   1215.586       5278.203       475351.6      2.2533604E-04
           6   1215.586       5278.203      9.9189570E-03  4.2190004E-05
           7   1215.586       5278.203       120.8500      7.9676043E-05
           1   1164.607       5415.561       34381.60      6.7785208E-04
           2   1164.607       5415.561       3227.894      8.5261032E-05
           3   1164.607       5415.561      1.6142145E-03  4.6694051E-05
           4   1164.607       5415.561      2.4891118E-05  4.3937362E-05
           5   1164.607       5415.561       561145.0      2.6521171E-04
           6   1164.607       5415.561      3.1724870E-02  4.9820912E-05
           7   1164.607       5415.561       216.0228      9.3995426E-05
           1   1116.546       5545.060       35777.44      7.9120090E-04
           2   1116.546       5545.060       6089.234      1.0167175E-04
           3   1116.546       5545.060      3.0455687E-03  5.5019143E-05
           4   1116.546       5545.060      8.8570981E-05  5.1776093E-05
           5   1116.546       5545.060       657537.8      3.1116875E-04
           6   1116.546       5545.060      9.6338809E-02  5.8697100E-05
           7   1116.546       5545.060       376.2675      1.1059876E-04
           1   1071.077       5667.573       37167.84      9.2093780E-04
           2   1071.077       5667.573       11185.34      1.2194599E-04
           3   1071.077       5667.573      5.5958806E-03  6.4833737E-05
           4   1071.077       5667.573      2.9883150E-04  6.1020546E-05
           5   1071.077       5667.573       765386.4      3.6463482E-04
           6   1071.077       5667.573      0.2792397      6.9157431E-05
           7   1071.077       5667.573       640.3103      1.3007880E-04
           1   1027.940       5783.801       38553.70      1.0705760E-03
           2   1027.940       5783.801       20055.06      1.4777061E-04
           3   1027.940       5783.801      1.0037851E-02  7.6617966E-05
           4   1027.940       5783.801      9.6059201E-04  7.2125345E-05
           5   1027.940       5783.801       885555.9      4.2770599E-04
           6   1027.940       5783.801      0.7758133      8.1710765E-05
           7   1027.940       5783.801       1066.828      1.5331950E-04
           1   986.9004       6033.812       39936.21      1.2452650E-03
           2   986.9004       6033.812       35177.71      1.8179862E-04
           3   986.9004       6033.812      1.7620593E-02  9.1109032E-05
           4   986.9004       6033.812      2.9552241E-03  8.5788706E-05
           5   986.9004       6033.812       1018993.      5.0355663E-04
           6   986.9004       6033.812       2.074211      9.7138334E-05
           7   986.9004       6033.812       1743.667      1.8167231E-04
           1   947.7646       6285.165       41316.07      1.4525244E-03
           2   947.7646       6285.165       60473.14      2.2814547E-04
           3   947.7646       6285.165      3.0330347E-02  1.0942805E-04
           4   947.7646       6285.165      8.7326486E-03  1.0307277E-04
           5   947.7646       6285.165       1166653.      5.9695792E-04
           6   947.7646       6285.165       5.353544      1.1662810E-04
           7   947.7646       6285.165       2800.181      2.1718493E-04
           1   910.3682       6525.347       42693.83      1.7034822E-03
           2   910.3682       6525.347       102045.1      2.9314525E-04
           3   910.3682       6525.347      5.1289521E-02  1.3327903E-04
           4   910.3682       6525.347      2.4864044E-02  1.2559214E-04
           5   910.3682       6525.347       1329531.      7.1510818E-04
           6   910.3682       6525.347       13.37557      1.4198611E-04
           7   910.3682       6525.347       4424.417      2.6296260E-04
           1   874.5708       6755.258       44069.81      2.0145848E-03
           2   874.5708       6755.258       169249.8      3.8642876E-04
           3   874.5708       6755.258      8.5359186E-02  1.6522981E-04
           4   874.5708       6755.258      6.8393022E-02  1.5578013E-04
           5   874.5708       6755.258       1508633.      8.6879730E-04
           6   874.5708       6755.258       32.42412      1.7593493E-04
           7   874.5708       6755.258       6886.123      3.2367682E-04
           1   840.2246       6975.849       45445.28      2.4104347E-03
           2   840.2246       6975.849       276330.8      5.2260043E-04
           3   840.2246       6975.849      0.1401223      2.0915743E-04
           4   840.2246       6975.849      0.1822982      1.9731096E-04
           5   840.2246       6975.849       1705148.      1.0742763E-03
           6   840.2246       6975.849       76.46475      2.2258799E-04
           7   840.2246       6975.849       10571.01      4.0637556E-04
           1   807.2300       7187.759       46820.13      2.9268719E-03
           2   807.2300       7187.759       444525.0      7.2332768E-04
           3   807.2300       7187.759      0.2273256      2.7078230E-04
           4   807.2300       7187.759      0.4717213      2.5560614E-04
           5   807.2300       7187.759       1920144.      1.3554408E-03
           6   807.2300       7187.759       175.7094      2.8802041E-04
           7   807.2300       7187.759       16018.95      5.2144669E-04
           1   775.4653       8576.695       48195.68      3.6169824E-03
           2   775.4653       8576.695       705487.1      1.0208633E-03
           3   775.4653       8576.695      0.3654939      3.5860678E-04
           4   775.4653       8576.695       1.188069      3.3872385E-04
           5   775.4653       8576.695       2154955.      1.7477723E-03
           6   775.4653       8576.695       394.3194      3.8127412E-04
           7   775.4653       8576.695       23989.21      6.8432477E-04
           1   744.8647       10075.90       49571.26      4.5568850E-03
           2   744.8647       10075.90       1105205.      1.4619400E-03
           3   744.8647       10075.90      0.5838886      4.8491478E-04
           4   744.8647       10075.90       2.915548      4.5830710E-04
           5   744.8647       10075.90       2410652.      2.3024234E-03
           6   744.8647       10075.90       865.0329      5.1543862E-04
           7   744.8647       10075.90       35519.58      9.1729377E-04
           1   715.3374       11522.52       50947.66      5.8573741E-03
           2   715.3374       11522.52       1710710.      2.1146641E-03
           3   715.3374       11522.52      0.9302995      6.6760817E-04
           4   715.3374       11522.52       6.984883      6.3132378E-04
           5   715.3374       11522.52       2688606.      3.0939011E-03
           6   715.3374       11522.52       1858.148      7.0964010E-04
           7   715.3374       11522.52       52042.14      1.2528229E-03
           1   686.8140       12919.96       52325.09      7.6767737E-03
           2   686.8140       12919.96       2618091.      3.0766260E-03
           3   686.8140       12919.96       1.484546      9.3233504E-04
           4   686.8140       12919.96       16.35867      8.8208477E-04
           5   686.8140       12919.96       2990126.      4.2288373E-03
           6   686.8140       12919.96       3912.984      9.9138077E-04
           7   686.8140       12919.96       75498.10      1.7374130E-03
           1   659.2246       14271.63       53704.00      1.0241207E-02
           2   659.2246       14271.63       3964478.      4.4871811E-03
           3   659.2246       14271.63       2.384588      1.3157571E-03
           4   659.2246       14271.63       37.50792      1.2453411E-03
           5   659.2246       14271.63       3316664.      5.8595412E-03
           6   659.2246       14271.63       8088.600      1.4001621E-03
           7   659.2246       14271.63       108515.0      2.4375140E-03
           1   632.5010       15598.06       55085.21      1.3872248E-02
           2   632.5010       15598.06       5944341.      6.5441914E-03
           3   632.5010       15598.06       3.876574      1.8700248E-03
           4   632.5010       15598.06       84.32015      1.7705277E-03
           5   632.5010       15598.06       3669810.      8.2024876E-03
           6   632.5010       15598.06       16433.95      1.9925316E-03
           7   632.5010       15598.06       154631.7      3.4476179E-03
           1   606.6118       21355.38       56467.78      1.9017665E-02
           2   606.6118       21355.38       8827335.      9.5224893E-03
           3   606.6118       21355.38       6.407722      2.6677744E-03
           4   606.6118       21355.38       185.9329      2.5265007E-03
           5   606.6118       21355.38       4050782.      1.1558845E-02
           6   606.6118       21355.38       32830.26      2.8479258E-03
           7   606.6118       21355.38       218495.4      4.8992736E-03
           1   581.4868       26942.76       57853.14      2.6314445E-02
           2   581.4868       26942.76      1.2993530E+07  1.3810632E-02
           3   581.4868       26942.76       10.81645      3.8121517E-03
           4   581.4868       26942.76       402.8317      3.6110436E-03
           5   581.4868       26942.76       4461474.      1.6355906E-02
           6   581.4868       26942.76       64581.02      4.0803296E-03
           7   581.4868       26942.76       306364.3      6.9792084E-03
           1   557.0894       32368.35       59241.11      3.6646936E-02
           2   557.0894       32368.35      1.8964672E+07  1.9944143E-02
           3   557.0894       32368.35       18.68267      5.4461272E-03
           4   557.0894       32368.35       858.0880      5.1597059E-03
           5   557.0894       32368.35       4903422.      2.3185074E-02
           6   557.0894       32368.35       125168.9      5.8499509E-03
           7   557.0894       32368.35       426401.7      9.9460892E-03
           1   533.3794       37641.05       60631.93      5.1250156E-02
           2   533.3794       37641.05      2.7457842E+07  2.8663062E-02
           3   533.3794       37641.05       33.01084      7.7688014E-03
           4   533.3794       37641.05       1798.637      7.3612691E-03
           5   533.3794       37641.05       5378330.      3.2868620E-02
           6   533.3794       37641.05       239202.1      8.3837407E-03
           7   533.3794       37641.05       589307.1      1.4159868E-02
           1   510.3242       42768.14       62025.68      7.1840115E-02
           2   510.3242       42768.14      3.9448600E+07  4.0981468E-02
           3   510.3242       42768.14       59.51378      1.1055770E-02
           4   510.3242       42768.14       3712.275      1.0477076E-02
           5   510.3242       42768.14       5887879.      4.6542406E-02
           6   510.3242       42768.14       450980.6      1.2002588E-02
           7   510.3242       42768.14       808967.1      2.0118339E-02
           1   487.8853       51685.02       63422.99      0.1008150    
           2   487.8853       51685.02      5.6264124E+07  5.8291864E-02
           3   487.8853       51685.02       109.0468      1.5690288E-02
           4   487.8853       51685.02       7550.924      1.4870617E-02
           5   487.8853       51685.02       6434012.      6.5782189E-02
           6   487.8853       51685.02       839472.1      1.7164174E-02
           7   487.8853       51685.02       1103452.      2.8513003E-02
           1   466.0249       63142.12       64824.80      0.1415308    
           2   466.0249       63142.12      7.9700000E+07  8.2500696E-02
           3   466.0249       63142.12       202.1410      2.2205472E-02
           4   466.0249       63142.12       15149.70      2.1047620E-02
           5   466.0249       63142.12       7018852.      9.2773445E-02
           6   466.0249       63142.12       1543989.      2.4524560E-02
           7   466.0249       63142.12       1496159.      4.0304489E-02
           1   444.7109       74312.85       66232.12      0.1987015    
           2   444.7109       74312.85      1.1217085E+08  0.1162118    
           3   444.7109       74312.85       377.3611      3.1344302E-02
           4   444.7109       74312.85       30004.21      2.9713051E-02
           5   444.7109       74312.85       7644608.      0.1305512    
           6   444.7109       74312.85       2807763.      3.5030361E-02
           7   444.7109       74312.85       2019738.      5.6829445E-02
           1   423.9341       85202.09       67644.98      0.2788651    
           2   423.9341       85202.09      1.5686042E+08  0.1629233    
           3   423.9341       85202.09       706.1539      4.4129066E-02
           4   423.9341       85202.09       58662.27      4.1837201E-02
           5   423.9341       85202.09       8312990.      0.1832731    
           6   423.9341       85202.09       5048680.      5.0038762E-02
           7   423.9341       85202.09       2709934.      7.9923362E-02
           1   403.6543       95830.80       69066.08      0.3914167    
           2   403.6543       95830.80      2.1807421E+08  0.2274755    
           3   403.6543       95830.80       1320.735      6.2014192E-02
           4   403.6543       95830.80       113347.6      5.8801010E-02
           5   403.6543       95830.80       9026900.      0.2568273    
           6   403.6543       95830.80       8984979.      7.1561843E-02
           7   403.6543       95830.80       3618834.      0.1121923    
           1   383.8535       102679.0       70497.76      0.5496727    
           2   383.8535       102679.0      3.0148224E+08  0.3164291    
           3   383.8535       102679.0       2462.143      8.7039083E-02
           4   383.8535       102679.0       216540.9      8.2541592E-02
           5   383.8535       102679.0       9788906.      0.3594245    
           6   383.8535       102679.0      1.5832573E+07  0.1025575    
           7   383.8535       102679.0       4811510.      0.1572815    
           1   364.5000       108342.0       71944.80      0.7729800    
           2   364.5000       108342.0      4.1468179E+08  0.4388697    
           3   364.5000       108342.0       4567.696      0.1221341    
           4   364.5000       108342.0       409420.9      0.1158437    
           5   364.5000       108342.0      1.0602628E+07  0.5027945    
           6   364.5000       108342.0      2.7647722E+07  0.1474772    
           7   364.5000       108342.0       6373325.      0.2204152    
           1   345.5962       113873.5       73411.64       1.089038    
           2   345.5962       113873.5      5.6751674E+08  0.6070816    
           3   345.5962       113873.5       8414.775      0.1714438    
           4   345.5962       113873.5       766105.5      0.1626481    
           5   345.5962       113873.5      1.1470909E+07  0.7034158    
           6   345.5962       113873.5      4.7844116E+07  0.2129429    
           7   345.5962       113873.5       8412053.      0.3089600    
           1   327.1011       119285.3       74909.28       1.539463    
           2   327.1011       119285.3      7.7343910E+08  0.8385736    
           3   327.1011       119285.3       15389.24      0.2411316    
           4   327.1011       119285.3       1420957.      0.2288182    
           5   327.1011       119285.3      1.2399591E+07  0.9856483    
           6   327.1011       119285.3      8.2159864E+07  0.3092223    
           7   327.1011       119285.3      1.1071490E+07  0.4338423    
           1   309.0029       104872.6       76558.52       2.185978    
           2   309.0029       104872.6      1.0502210E+09   1.157758    
           3   309.0029       104872.6       27912.32      0.3402405    
           4   309.0029       104872.6       2614634.      0.3229623    
           5   309.0029       104872.6      1.3394843E+07   1.384990    
           6   309.0029       104872.6      1.4010766E+08  0.4520589    
           7   309.0029       104872.6      1.4532893E+07  0.6110451    
           1   291.2925       79957.06       78291.65       3.122258    
           2   291.2925       79957.06      1.4219439E+09   1.599583    
           3   291.2925       79957.06       50164.82      0.4823783    
           4   291.2925       79957.06       4778278.      0.4580408    
           5   291.2925       79957.06      1.4465123E+07   1.954521    
           6   291.2925       79957.06      2.3748619E+08  0.6660202    
           7   291.2925       79957.06      1.9007186E+07  0.8645528    
           1   273.9429       55549.21       80287.96       4.494071    
           2   273.9429       55549.21      1.9218738E+09   2.215320    
           3   273.9429       55549.21       89317.13      0.6885635    
           4   273.9429       55549.21       8692912.      0.6540834    
           5   273.9429       55549.21      1.5623850E+07   2.775747    
           6   273.9429       55549.21      4.0085802E+08  0.9902337    
           7   273.9429       55549.21      2.4762206E+07   1.231315    
           1   256.9419       33678.09       82767.55       6.532403    
           2   256.9419       33678.09      2.5970547E+09   3.081903    
           3   256.9419       33678.09       157444.2      0.9919436    
           4   256.9419       33678.09      1.5786945E+07  0.9426922    
           5   256.9419       33678.09      1.6889912E+07   3.976511    
           6   256.9419       33678.09      6.7513658E+08   1.487808    
           7   256.9419       33678.09      3.2008648E+07   1.769469    
           1   240.2915       21395.24       86189.66       9.611567    
           2   240.2915       21395.24      3.5153119E+09   4.317419    
           3   240.2915       21395.24       274446.2       1.446056    
           4   240.2915       21395.24      2.8725644E+07   1.374926    
           5   240.2915       21395.24      1.8290974E+07   5.762238    
           6   240.2915       21395.24      1.1373718E+09   2.262219    
           7   240.2915       21395.24      4.0741500E+07   2.572698    
           1   223.9595       9347.247       91499.67       14.37601    
           2   223.9595       9347.247      4.7827092E+09   6.116394    
           3   223.9595       9347.247       473307.7       2.142998    
           4   223.9595       9347.247      5.2788932E+07   2.038632    
           5   223.9595       9347.247      1.9874172E+07   8.484905    
           6   223.9595       9347.247      1.9258432E+09   3.491903    
           7   223.9595       9347.247      5.0353280E+07   3.801888    
           1   207.9399       1237.244       100698.7       21.97879    
           2   207.9399       1237.244      6.5698888E+09   8.810946    
           3   207.9399       1237.244       807257.8       3.247465    
           4   207.9399       1237.244      9.9090904E+07   3.090901    
           5   207.9399       1237.244      2.1713218E+07   12.77144    
           6   207.9399       1237.244      3.2975752E+09   5.493933    
           7   207.9399       1237.244      5.8897992E+07   5.744246    
           1   192.2202       935.4369       118300.4       34.65909    
           2   192.2202       935.4369      9.1762637E+09   13.01907    
           3   192.2202       935.4369       1361325.       5.079180    
           4   192.2202       935.4369      1.9369731E+08   4.836591    
           5   192.2202       935.4369      2.3967744E+07   19.83487    
           6   192.2202       935.4369      5.7653171E+09   8.871780    
           7   192.2202       935.4369      6.2477396E+07   8.956525    
           1   176.7910       641.6420       155416.5       57.23027    
           2   176.7910       641.6420      1.3178396E+10   20.01407    
           3   176.7910       641.6420       2260951.       8.324466    
           4   176.7910       641.6420      4.0665562E+08   7.929517    
           5   176.7910       641.6420      2.6828898E+07   32.27118    
           6   176.7910       641.6420      1.0451319E+10   14.87801    
           7   176.7910       641.6420      5.6301040E+07   14.63227    
           1   161.6533       527.3422       242624.6       101.5773    
           2   161.6533       527.3422      1.9835685E+10   32.81167    
           3   161.6533       527.3422       3615319.       14.67351    
           4   161.6533       527.3422      9.5958547E+08   13.97616    
           5   161.6533       527.3422      3.0777140E+07   56.45398    
           6   161.6533       527.3422      2.0155488E+10   26.44922    
           7   161.6533       527.3422      3.9486788E+07   25.70690    
           1   146.7798       467.2998       474815.8       204.0118    
           2   146.7798       467.2998      3.2483875E+10   60.25640    
           3   146.7798       467.2998       5073731.       29.26901    
           4   146.7798       467.2998      2.7126584E+09   27.83921    
           5   146.7798       467.2998      3.6878620E+07   111.7107    
           6   146.7798       467.2998      4.3490750E+10   51.95168    
           7   146.7798       467.2998      1.9635562E+07   51.09874    
           1   132.1699       686.0717       1172373.       517.0796    
           2   132.1699       686.0717      6.2605869E+10   137.8409    
           3   132.1699       686.0717       4394322.       73.56717    
           4   132.1699       686.0717      1.0132159E+10   69.58852    
           5   132.1699       686.0717      2.1200188E+07   278.3416    
           6   132.1699       686.0717      1.1693326E+11   123.1795    
           7   132.1699       686.0717       6665654.       127.9491    
           1   117.8208       1913.422       3548643.       2209.696    
           2   117.8208       1913.422      1.6964257E+11   522.6648    
           3   117.8208       1913.422       638582.8       308.9971    
           4   117.8208       1913.422      6.4778277E+10   287.2033    
           5   117.8208       1913.422      3.2483924E+07   1156.956    
           6   117.8208       1913.422      5.2241672E+11   449.2091    
           7   117.8208       1913.422       1833766.       534.9847    
           1   103.7329       2813.791      1.1631448E+07   19196.47    
           2   103.7329       2813.791      5.4451533E+11   4099.974    
           3   103.7329       2813.791       282276.3       2575.570    
           4   103.7329       2813.791      8.0643064E+11   2320.179    
           5   103.7329       2813.791      7.5894088E+07   9528.073    
           6   103.7329       2813.791      4.5871021E+12   3192.199    
           7   103.7329       2813.791       524187.5       4436.079    
           1   89.93213       1283.166      6.5563800E+07   261980.0    
           2   89.93213       1283.166      4.1223465E+11   53500.52    
           3   89.93213       1283.166       210039.4       34074.96    
           4   89.93213       1283.166      1.3490927E+13   29963.09    
           5   89.93213       1283.166      4.7168989E+08   125124.8    
           6   89.93213       1283.166      6.1776939E+13   39412.86    
           7   89.93213       1283.166       218338.3       58501.92    
